0 info it worked if it ends with ok
1 verbose cli [ 'C:\\node.exe',
1 verbose cli   'C:\\node_modules\\npm\\bin\\npm-cli.js',
1 verbose cli   'run',
1 verbose cli   'dev' ]
2 info using npm@3.10.10
3 info using node@v6.11.4
4 verbose run-script [ 'predev', 'dev', 'postdev' ]
5 info lifecycle devconnector@1.0.0~predev: devconnector@1.0.0
6 silly lifecycle devconnector@1.0.0~predev: no script for predev, continuing
7 info lifecycle devconnector@1.0.0~dev: devconnector@1.0.0
8 verbose lifecycle devconnector@1.0.0~dev: unsafe-perm in lifecycle true
9 verbose lifecycle devconnector@1.0.0~dev: PATH: C:\node_modules\npm\bin\node-gyp-bin;C:\Users\TheGamingComputer\Documents\GitHub\devconnector\node_modules\.bin;C:\Users\TheGamingComputer\Desktop\cmder\bin;C:\Users\TheGamingComputer\Desktop\cmder\vendor\git-for-windows\cmd;C:\Users\TheGamingComputer\Desktop\cmder\vendor\conemu-maximus5\ConEmu\Scripts;C:\Users\TheGamingComputer\Desktop\cmder\vendor\conemu-maximus5;C:\Users\TheGamingComputer\Desktop\cmder\vendor\conemu-maximus5\ConEmu;C:\Program Files (x86)\Razer Chroma SDK\bin;C:\Program Files\Razer Chroma SDK\bin;C:\Program Files (x86)\ActiveState Komodo Edit 9\;C:\Program Files (x86)\NVIDIA Corporation\PhysX\Common;C:\Windows\system32;C:\Windows;C:\Windows\System32\Wbem;C:\Windows\System32\WindowsPowerShell\v1.0\;C:\Program Files (x86)\AMD\ATI.ACE\Core-Static;C:\Users\TheGamingComputer\.dnx\bin;C:\Program Files\Microsoft DNX\Dnvm\;C:\Program Files\Microsoft SQL Server\130\Tools\Binn\;C:\Program Files (x86)\GtkSharp\2.12\bin;C:\Users\TheGamingComputer\AppData\Local\atom\bin;C:\Program Files (x86)\Microsoft VS Code\bin;C:\Users\TheGamingComputer\AppData\Roaming\npm;C:\;C:\Users\TheGamingComputer\AppData\Local\atom\bin;C:\Program Files (x86)\Microsoft VS Code\bin;D:\Microsoft VS Code\bin;C:\Users\TheGamingComputer\AppData\Roaming\npm;C:\Users\TheGamingComputer\Desktop\cmder\vendor\git-for-windows\usr\bin;C:\Users\TheGamingComputer\Desktop\cmder\vendor\git-for-windows\usr\share\vim\vim74;C:\Users\TheGamingComputer\Desktop\cmder\
10 verbose lifecycle devconnector@1.0.0~dev: CWD: C:\Users\TheGamingComputer\Documents\GitHub\devconnector
11 silly lifecycle devconnector@1.0.0~dev: Args: [ '/d /s /c', 'concurrently "npm run server" "npm run client"' ]
12 silly lifecycle devconnector@1.0.0~dev: Returned: code: 3221225786  signal: null
13 info lifecycle devconnector@1.0.0~dev: Failed to exec dev script
14 verbose stack Error: devconnector@1.0.0 dev: `concurrently "npm run server" "npm run client"`
14 verbose stack Exit status 3221225786
14 verbose stack     at EventEmitter.<anonymous> (C:\node_modules\npm\lib\utils\lifecycle.js:255:16)
14 verbose stack     at emitTwo (events.js:106:13)
14 verbose stack     at EventEmitter.emit (events.js:191:7)
14 verbose stack     at ChildProcess.<anonymous> (C:\node_modules\npm\lib\utils\spawn.js:40:14)
14 verbose stack     at emitTwo (events.js:106:13)
14 verbose stack     at ChildProcess.emit (events.js:191:7)
14 verbose stack     at maybeClose (internal/child_process.js:920:16)
14 verbose stack     at Process.ChildProcess._handle.onexit (internal/child_process.js:230:5)
15 verbose pkgid devconnector@1.0.0
16 verbose cwd C:\Users\TheGamingComputer\Documents\GitHub\devconnector
17 error Windows_NT 6.3.9600
18 error argv "C:\\node.exe" "C:\\node_modules\\npm\\bin\\npm-cli.js" "run" "dev"
19 error node v6.11.4
20 error npm  v3.10.10
21 error code ELIFECYCLE
22 error devconnector@1.0.0 dev: `concurrently "npm run server" "npm run client"`
22 error Exit status 3221225786
23 error Failed at the devconnector@1.0.0 dev script 'concurrently "npm run server" "npm run client"'.
23 error Make sure you have the latest version of node.js and npm installed.
23 error If you do, this is most likely a problem with the devconnector package,
23 error not with npm itself.
23 error Tell the author that this fails on your system:
23 error     concurrently "npm run server" "npm run client"
23 error You can get information on how to open an issue for this project with:
23 error     npm bugs devconnector
23 error Or if that isn't available, you can get their info via:
23 error     npm owner ls devconnector
23 error There is likely additional logging output above.
24 verbose exit [ 1, true ]
